18:12:09:456  INFO 34356 --- [main] com.hmall.pay.payApplication             : The following 1 profile is active: "local"
18:12:10:011  INFO 34356 --- [main] o.s.cloud.context.scope.GenericScope     : BeanFactory id=17815a63-75b9-3031-9d2f-f584e388dbaa
18:12:10:198  INFO 34356 --- [main] o.s.b.w.embedded.tomcat.TomcatWebServer  : Tomcat initialized with port(s): 8085 (http)
18:12:10:203  INFO 34356 --- [main] o.apache.catalina.core.StandardService   : Starting service [Tomcat]
18:12:10:203  INFO 34356 --- [main] org.apache.catalina.core.StandardEngine  : Starting Servlet engine: [Apache Tomcat/9.0.75]
18:12:10:282  INFO 34356 --- [main] o.a.c.c.C.[Tomcat].[localhost].[/]       : Initializing Spring embedded WebApplicationContext
18:12:10:283  INFO 34356 --- [main] w.s.c.ServletWebServerApplicationContext : Root WebApplicationContext: initialization completed in 815 ms
18:12:10:391  INFO 34356 --- [main] o.s.c.openfeign.FeignClientFactoryBean   : For 'user-service' URL not provided. Will try picking an instance via load-balancing.
18:12:11:853  INFO 34356 --- [main] pertySourcedRequestMappingHandlerMapping : Mapped URL path [/v2/api-docs] onto method [springfox.documentation.swagger2.web.Swagger2ControllerWebMvc#getDocumentation(String, HttpServletRequest)]
18:12:12:607  INFO 34356 --- [main] com.alibaba.nacos.common.remote.client   : [RpcClientFactory] create a new rpc client of b5cd17a8-efdf-437d-a1de-56d5950a9817
18:12:12:607  INFO 34356 --- [main] com.alibaba.nacos.common.remote.client   : [b5cd17a8-efdf-437d-a1de-56d5950a9817] RpcClient init label, labels = {module=naming, source=sdk}
18:12:12:608  INFO 34356 --- [main] com.alibaba.nacos.common.remote.client   : [b5cd17a8-efdf-437d-a1de-56d5950a9817] RpcClient init, ServerListFactory = com.alibaba.nacos.client.naming.core.ServerListManager
18:12:12:608  INFO 34356 --- [main] com.alibaba.nacos.common.remote.client   : [b5cd17a8-efdf-437d-a1de-56d5950a9817] Registry connection listener to current client:com.alibaba.nacos.client.naming.remote.gprc.redo.NamingGrpcRedoService
18:12:12:608  INFO 34356 --- [main] com.alibaba.nacos.common.remote.client   : [b5cd17a8-efdf-437d-a1de-56d5950a9817] Register server push request handler:com.alibaba.nacos.client.naming.remote.gprc.NamingPushRequestHandler
18:12:12:609  INFO 34356 --- [main] com.alibaba.nacos.common.remote.client   : [b5cd17a8-efdf-437d-a1de-56d5950a9817] Try to connect to server on start up, server: {serverIp = '192.168.197.101', server main port = 8848}
18:12:12:735  INFO 34356 --- [main] com.alibaba.nacos.common.remote.client   : [b5cd17a8-efdf-437d-a1de-56d5950a9817] Success to connect to server [192.168.197.101:8848] on start up, connectionId = 1723707992978_192.168.197.1_58576
18:12:12:735  INFO 34356 --- [main] com.alibaba.nacos.common.remote.client   : [b5cd17a8-efdf-437d-a1de-56d5950a9817] Register server push request handler:com.alibaba.nacos.common.remote.client.RpcClient$ConnectResetRequestHandler
18:12:12:735  INFO 34356 --- [main] com.alibaba.nacos.common.remote.client   : [b5cd17a8-efdf-437d-a1de-56d5950a9817] Register server push request handler:com.alibaba.nacos.common.remote.client.RpcClient$$Lambda$473/0x000000080042e040
18:12:12:735  INFO 34356 --- [com.alibaba.nacos.client.remote.worker] com.alibaba.nacos.common.remote.client   : [b5cd17a8-efdf-437d-a1de-56d5950a9817] Notify connected event to listeners.
18:12:12:763  INFO 34356 --- [main] o.s.b.w.embedded.tomcat.TomcatWebServer  : Tomcat started on port(s): 8085 (http) with context path ''
18:12:12:771  INFO 34356 --- [main] c.a.c.n.registry.NacosServiceRegistry    : nacos registry, DEFAULT_GROUP pay-service 192.168.197.1:8085 register finished
18:12:13:198  INFO 34356 --- [main] d.s.w.p.DocumentationPluginsBootstrapper : Documentation plugins bootstrapped
18:12:13:200  INFO 34356 --- [main] d.s.w.p.DocumentationPluginsBootstrapper : Found 1 custom documentation plugin(s)
18:12:13:219  INFO 34356 --- [main] s.d.s.w.s.ApiListingReferenceScanner     : Scanning for api listing references
18:12:13:259  INFO 34356 --- [nacos-grpc-client-executor-6] com.alibaba.nacos.common.remote.client   : [b5cd17a8-efdf-437d-a1de-56d5950a9817] Receive server push request, request = NotifySubscriberRequest, requestId = 1251
18:12:13:261  INFO 34356 --- [nacos-grpc-client-executor-6] com.alibaba.nacos.common.remote.client   : [b5cd17a8-efdf-437d-a1de-56d5950a9817] Ack server push request, request = NotifySubscriberRequest, requestId = 1251
18:12:13:289  INFO 34356 --- [main] com.hmall.pay.payApplication             : Started payApplication in 6.155 seconds (JVM running for 6.723)
18:12:13:294  INFO 34356 --- [main] c.a.c.n.refresh.NacosContextRefresher    : [Nacos Config] Listening config: dataId=pay-service, group=DEFAULT_GROUP
18:12:13:295  INFO 34356 --- [main] c.a.c.n.refresh.NacosContextRefresher    : [Nacos Config] Listening config: dataId=pay-service.yaml, group=DEFAULT_GROUP
18:12:13:295  INFO 34356 --- [main] c.a.c.n.refresh.NacosContextRefresher    : [Nacos Config] Listening config: dataId=pay-service-local.yaml, group=DEFAULT_GROUP
18:14:01:643  INFO 34356 --- [http-nio-8085-exec-1] o.a.c.c.C.[Tomcat].[localhost].[/]       : Initializing Spring DispatcherServlet 'dispatcherServlet'
18:14:01:643  INFO 34356 --- [http-nio-8085-exec-1] o.s.web.servlet.DispatcherServlet        : Initializing Servlet 'dispatcherServlet'
18:14:01:645  INFO 34356 --- [http-nio-8085-exec-1] o.s.web.servlet.DispatcherServlet        : Completed initialization in 2 ms
18:14:01:709  INFO 34356 --- [http-nio-8085-exec-1] com.zaxxer.hikari.HikariDataSource       : HikariPool-1 - Starting...
18:14:01:813  INFO 34356 --- [http-nio-8085-exec-1] com.zaxxer.hikari.HikariDataSource       : HikariPool-1 - Start completed.
18:14:01:817 DEBUG 34356 --- [http-nio-8085-exec-1] c.h.pay.mapper.PayOrderMapper.selectOne  : ==>  Preparing: SELECT id,biz_order_no,pay_order_no,biz_user_id,pay_channel_code,amount,pay_type,status,expand_json,result_code,result_msg,pay_success_time,pay_over_time,qr_code_url,create_time,update_time,creater,updater,is_delete FROM pay_order WHERE (biz_order_no = ?)
18:14:01:829 DEBUG 34356 --- [http-nio-8085-exec-1] c.h.pay.mapper.PayOrderMapper.selectOne  : ==> Parameters: 1826201078604709890(Long)
18:14:01:841 DEBUG 34356 --- [http-nio-8085-exec-1] c.h.pay.mapper.PayOrderMapper.selectOne  : <==      Total: 0
18:14:01:866 DEBUG 34356 --- [http-nio-8085-exec-1] c.h.pay.mapper.PayOrderMapper.insert     : ==>  Preparing: INSERT INTO pay_order ( id, biz_order_no, pay_order_no, biz_user_id, pay_channel_code, amount, pay_type, status, pay_over_time ) VALUES ( ?, ?, ?, ?, ?, ?, ?, ?, ? )
18:14:01:867 DEBUG 34356 --- [http-nio-8085-exec-1] c.h.pay.mapper.PayOrderMapper.insert     : ==> Parameters: 1826201082350223362(Long), 1826201078604709890(Long), 1826201082350223361(Long), 1(Long), balance(String), 429400(Integer), 5(Integer), 1(Integer), 2024-08-21T20:14:01.862938500(LocalDateTime)
18:14:01:871 DEBUG 34356 --- [http-nio-8085-exec-1] c.h.pay.mapper.PayOrderMapper.insert     : <==    Updates: 1
18:14:09:556 DEBUG 34356 --- [http-nio-8085-exec-2] c.h.pay.mapper.PayOrderMapper.selectOne  : ==>  Preparing: SELECT id,biz_order_no,pay_order_no,biz_user_id,pay_channel_code,amount,pay_type,status,expand_json,result_code,result_msg,pay_success_time,pay_over_time,qr_code_url,create_time,update_time,creater,updater,is_delete FROM pay_order WHERE (biz_order_no = ?)
18:14:09:557 DEBUG 34356 --- [http-nio-8085-exec-2] c.h.pay.mapper.PayOrderMapper.selectOne  : ==> Parameters: 1826201113769754625(Long)
18:14:09:558 DEBUG 34356 --- [http-nio-8085-exec-2] c.h.pay.mapper.PayOrderMapper.selectOne  : <==      Total: 0
18:14:09:559 DEBUG 34356 --- [http-nio-8085-exec-2] c.h.pay.mapper.PayOrderMapper.insert     : ==>  Preparing: INSERT INTO pay_order ( id, biz_order_no, pay_order_no, biz_user_id, pay_channel_code, amount, pay_type, status, pay_over_time ) VALUES ( ?, ?, ?, ?, ?, ?, ?, ?, ? )
18:14:09:560 DEBUG 34356 --- [http-nio-8085-exec-2] c.h.pay.mapper.PayOrderMapper.insert     : ==> Parameters: 1826201114596032515(Long), 1826201113769754625(Long), 1826201114596032514(Long), 1(Long), balance(String), 429400(Integer), 5(Integer), 1(Integer), 2024-08-21T20:14:09.559700700(LocalDateTime)
18:14:09:564 DEBUG 34356 --- [http-nio-8085-exec-2] c.h.pay.mapper.PayOrderMapper.insert     : <==    Updates: 1
18:14:29:975 DEBUG 34356 --- [http-nio-8085-exec-3] c.h.p.mapper.PayOrderMapper.selectById   : ==>  Preparing: SELECT id,biz_order_no,pay_order_no,biz_user_id,pay_channel_code,amount,pay_type,status,expand_json,result_code,result_msg,pay_success_time,pay_over_time,qr_code_url,create_time,update_time,creater,updater,is_delete FROM pay_order WHERE id=?
18:14:29:976 DEBUG 34356 --- [http-nio-8085-exec-3] c.h.p.mapper.PayOrderMapper.selectById   : ==> Parameters: 1826201114596032515(Long)
18:14:29:981 DEBUG 34356 --- [http-nio-8085-exec-3] c.h.p.mapper.PayOrderMapper.selectById   : <==      Total: 1
18:14:29:982 DEBUG 34356 --- [http-nio-8085-exec-3] com.hmall.api.client.UserClient          : [UserClient#deductMoney] ---> PUT http://user-service/users/money/deduct?pw=123&amount=429400 HTTP/1.1
18:14:29:982 DEBUG 34356 --- [http-nio-8085-exec-3] com.hmall.api.client.UserClient          : [UserClient#deductMoney] ---> END HTTP (0-byte body)
18:14:30:069 DEBUG 34356 --- [http-nio-8085-exec-3] com.hmall.api.client.UserClient          : [UserClient#deductMoney] <--- HTTP/1.1 500 (86ms)
18:14:30:069 DEBUG 34356 --- [http-nio-8085-exec-3] com.hmall.api.client.UserClient          : [UserClient#deductMoney] connection: close
18:14:30:069 DEBUG 34356 --- [http-nio-8085-exec-3] com.hmall.api.client.UserClient          : [UserClient#deductMoney] content-type: application/json
18:14:30:069 DEBUG 34356 --- [http-nio-8085-exec-3] com.hmall.api.client.UserClient          : [UserClient#deductMoney] date: Wed, 21 Aug 2024 10:14:30 GMT
18:14:30:069 DEBUG 34356 --- [http-nio-8085-exec-3] com.hmall.api.client.UserClient          : [UserClient#deductMoney] transfer-encoding: chunked
18:14:30:069 DEBUG 34356 --- [http-nio-8085-exec-3] com.hmall.api.client.UserClient          : [UserClient#deductMoney] 
18:14:30:069 DEBUG 34356 --- [http-nio-8085-exec-3] com.hmall.api.client.UserClient          : [UserClient#deductMoney] {"timestamp":"2024-08-21T10:14:30.064+00:00","status":500,"error":"Internal Server Error","path":"/users/money/deduct"}
18:14:30:069 DEBUG 34356 --- [http-nio-8085-exec-3] com.hmall.api.client.UserClient          : [UserClient#deductMoney] <--- END HTTP (119-byte body)
18:14:30:078 ERROR 34356 --- [http-nio-8085-exec-3] o.a.c.c.C.[.[.[/].[dispatcherServlet]    : Servlet.service() for servlet [dispatcherServlet] in context with path [] threw exception [Request processing failed; nested exception is feign.FeignException$InternalServerError: [500] during [PUT] to [http://user-service/users/money/deduct?pw=123&amount=429400] [UserClient#deductMoney(String,Integer)]: [{"timestamp":"2024-08-21T10:14:30.064+00:00","status":500,"error":"Internal Server Error","path":"/users/money/deduct"}]] with root cause

feign.FeignException$InternalServerError: [500] during [PUT] to [http://user-service/users/money/deduct?pw=123&amount=429400] [UserClient#deductMoney(String,Integer)]: [{"timestamp":"2024-08-21T10:14:30.064+00:00","status":500,"error":"Internal Server Error","path":"/users/money/deduct"}]
	at feign.FeignException.serverErrorStatus(FeignException.java:250) ~[feign-core-11.8.jar:na]
	at feign.FeignException.errorStatus(FeignException.java:197) ~[feign-core-11.8.jar:na]
	at feign.FeignException.errorStatus(FeignException.java:185) ~[feign-core-11.8.jar:na]
	at feign.codec.ErrorDecoder$Default.decode(ErrorDecoder.java:92) ~[feign-core-11.8.jar:na]
	at feign.AsyncResponseHandler.handleResponse(AsyncResponseHandler.java:96) ~[feign-core-11.8.jar:na]
	at feign.SynchronousMethodHandler.executeAndDecode(SynchronousMethodHandler.java:138) ~[feign-core-11.8.jar:na]
	at feign.SynchronousMethodHandler.invoke(SynchronousMethodHandler.java:89) ~[feign-core-11.8.jar:na]
	at feign.ReflectiveFeign$FeignInvocationHandler.invoke(ReflectiveFeign.java:100) ~[feign-core-11.8.jar:na]
	at com.sun.proxy.$Proxy112.deductMoney(Unknown Source) ~[na:na]
	at com.hmall.pay.service.impl.PayOrderServiceImpl.tryPayOrderByBalance(PayOrderServiceImpl.java:70) ~[classes/:na]
	at com.hmall.pay.service.impl.PayOrderServiceImpl$$FastClassBySpringCGLIB$$b2062e7f.invoke(<generated>) ~[classes/:na]
	at org.springframework.cglib.proxy.MethodProxy.invoke(MethodProxy.java:218) ~[spring-core-5.3.27.jar:5.3.27]
	at org.springframework.aop.framework.CglibAopProxy$CglibMethodInvocation.invokeJoinpoint(CglibAopProxy.java:793) ~[spring-aop-5.3.27.jar:5.3.27]
	at org.springframework.aop.framework.ReflectiveMethodInvocation.proceed(ReflectiveMethodInvocation.java:163) ~[spring-aop-5.3.27.jar:5.3.27]
	at org.springframework.aop.framework.CglibAopProxy$CglibMethodInvocation.proceed(CglibAopProxy.java:763) ~[spring-aop-5.3.27.jar:5.3.27]
	at org.springframework.transaction.interceptor.TransactionInterceptor$1.proceedWithInvocation(TransactionInterceptor.java:123) ~[spring-tx-5.3.27.jar:5.3.27]
	at org.springframework.transaction.interceptor.TransactionAspectSupport.invokeWithinTransaction(TransactionAspectSupport.java:388) ~[spring-tx-5.3.27.jar:5.3.27]
	at org.springframework.transaction.interceptor.TransactionInterceptor.invoke(TransactionInterceptor.java:119) ~[spring-tx-5.3.27.jar:5.3.27]
	at org.springframework.aop.framework.ReflectiveMethodInvocation.proceed(ReflectiveMethodInvocation.java:186) ~[spring-aop-5.3.27.jar:5.3.27]
	at org.springframework.aop.framework.CglibAopProxy$CglibMethodInvocation.proceed(CglibAopProxy.java:763) ~[spring-aop-5.3.27.jar:5.3.27]
	at org.springframework.aop.framework.CglibAopProxy$DynamicAdvisedInterceptor.intercept(CglibAopProxy.java:708) ~[spring-aop-5.3.27.jar:5.3.27]
	at com.hmall.pay.service.impl.PayOrderServiceImpl$$EnhancerBySpringCGLIB$$8cacbcd2.tryPayOrderByBalance(<generated>) ~[classes/:na]
	at com.hmall.pay.controller.PayController.tryPayOrderByBalance(PayController.java:42) ~[classes/:na]
	at java.base/jdk.internal.reflect.NativeMethodAccessorImpl.invoke0(Native Method) ~[na:na]
	at java.base/jdk.internal.reflect.NativeMethodAccessorImpl.invoke(NativeMethodAccessorImpl.java:62) ~[na:na]
	at java.base/jdk.internal.reflect.DelegatingMethodAccessorImpl.invoke(DelegatingMethodAccessorImpl.java:43) ~[na:na]
	at java.base/java.lang.reflect.Method.invoke(Method.java:566) ~[na:na]
	at org.springframework.web.method.support.InvocableHandlerMethod.doInvoke(InvocableHandlerMethod.java:205) ~[spring-web-5.3.27.jar:5.3.27]
	at org.springframework.web.method.support.InvocableHandlerMethod.invokeForRequest(InvocableHandlerMethod.java:150) ~[spring-web-5.3.27.jar:5.3.27]
	at org.springframework.web.servlet.mvc.method.annotation.ServletInvocableHandlerMethod.invokeAndHandle(ServletInvocableHandlerMethod.java:117) ~[spring-webmvc-5.3.27.jar:5.3.27]
	at org.springframework.web.servlet.mvc.method.annotation.RequestMappingHandlerAdapter.invokeHandlerMethod(RequestMappingHandlerAdapter.java:895) ~[spring-webmvc-5.3.27.jar:5.3.27]
	at org.springframework.web.servlet.mvc.method.annotation.RequestMappingHandlerAdapter.handleInternal(RequestMappingHandlerAdapter.java:808) ~[spring-webmvc-5.3.27.jar:5.3.27]
	at org.springframework.web.servlet.mvc.method.AbstractHandlerMethodAdapter.handle(AbstractHandlerMethodAdapter.java:87) ~[spring-webmvc-5.3.27.jar:5.3.27]
	at org.springframework.web.servlet.DispatcherServlet.doDispatch(DispatcherServlet.java:1072) ~[spring-webmvc-5.3.27.jar:5.3.27]
	at org.springframework.web.servlet.DispatcherServlet.doService(DispatcherServlet.java:965) ~[spring-webmvc-5.3.27.jar:5.3.27]
	at org.springframework.web.servlet.FrameworkServlet.processRequest(FrameworkServlet.java:1006) ~[spring-webmvc-5.3.27.jar:5.3.27]
	at org.springframework.web.servlet.FrameworkServlet.doPost(FrameworkServlet.java:909) ~[spring-webmvc-5.3.27.jar:5.3.27]
	at javax.servlet.http.HttpServlet.service(HttpServlet.java:555) ~[tomcat-embed-core-9.0.75.jar:4.0.FR]
	at org.springframework.web.servlet.FrameworkServlet.service(FrameworkServlet.java:883) ~[spring-webmvc-5.3.27.jar:5.3.27]
	at javax.servlet.http.HttpServlet.service(HttpServlet.java:623) ~[tomcat-embed-core-9.0.75.jar:4.0.FR]
	at org.apache.catalina.core.ApplicationFilterChain.internalDoFilter(ApplicationFilterChain.java:209) ~[tomcat-embed-core-9.0.75.jar:9.0.75]
	at org.apache.catalina.core.ApplicationFilterChain.doFilter(ApplicationFilterChain.java:153) ~[tomcat-embed-core-9.0.75.jar:9.0.75]
	at org.apache.tomcat.websocket.server.WsFilter.doFilter(WsFilter.java:51) ~[tomcat-embed-websocket-9.0.75.jar:9.0.75]
	at org.apache.catalina.core.ApplicationFilterChain.internalDoFilter(ApplicationFilterChain.java:178) ~[tomcat-embed-core-9.0.75.jar:9.0.75]
	at org.apache.catalina.core.ApplicationFilterChain.doFilter(ApplicationFilterChain.java:153) ~[tomcat-embed-core-9.0.75.jar:9.0.75]
	at org.springframework.web.filter.RequestContextFilter.doFilterInternal(RequestContextFilter.java:100) ~[spring-web-5.3.27.jar:5.3.27]
	at org.springframework.web.filter.OncePerRequestFilter.doFilter(OncePerRequestFilter.java:117) ~[spring-web-5.3.27.jar:5.3.27]
	at org.apache.catalina.core.ApplicationFilterChain.internalDoFilter(ApplicationFilterChain.java:178) ~[tomcat-embed-core-9.0.75.jar:9.0.75]
	at org.apache.catalina.core.ApplicationFilterChain.doFilter(ApplicationFilterChain.java:153) ~[tomcat-embed-core-9.0.75.jar:9.0.75]
	at org.springframework.web.filter.FormContentFilter.doFilterInternal(FormContentFilter.java:93) ~[spring-web-5.3.27.jar:5.3.27]
	at org.springframework.web.filter.OncePerRequestFilter.doFilter(OncePerRequestFilter.java:117) ~[spring-web-5.3.27.jar:5.3.27]
	at org.apache.catalina.core.ApplicationFilterChain.internalDoFilter(ApplicationFilterChain.java:178) ~[tomcat-embed-core-9.0.75.jar:9.0.75]
	at org.apache.catalina.core.ApplicationFilterChain.doFilter(ApplicationFilterChain.java:153) ~[tomcat-embed-core-9.0.75.jar:9.0.75]
	at org.springframework.web.filter.CharacterEncodingFilter.doFilterInternal(CharacterEncodingFilter.java:201) ~[spring-web-5.3.27.jar:5.3.27]
	at org.springframework.web.filter.OncePerRequestFilter.doFilter(OncePerRequestFilter.java:117) ~[spring-web-5.3.27.jar:5.3.27]
	at org.apache.catalina.core.ApplicationFilterChain.internalDoFilter(ApplicationFilterChain.java:178) ~[tomcat-embed-core-9.0.75.jar:9.0.75]
	at org.apache.catalina.core.ApplicationFilterChain.doFilter(ApplicationFilterChain.java:153) ~[tomcat-embed-core-9.0.75.jar:9.0.75]
	at org.apache.catalina.core.StandardWrapperValve.invoke(StandardWrapperValve.java:167) ~[tomcat-embed-core-9.0.75.jar:9.0.75]
	at org.apache.catalina.core.StandardContextValve.invoke(StandardContextValve.java:90) ~[tomcat-embed-core-9.0.75.jar:9.0.75]
	at org.apache.catalina.authenticator.AuthenticatorBase.invoke(AuthenticatorBase.java:481) ~[tomcat-embed-core-9.0.75.jar:9.0.75]
	at org.apache.catalina.core.StandardHostValve.invoke(StandardHostValve.java:130) ~[tomcat-embed-core-9.0.75.jar:9.0.75]
	at org.apache.catalina.valves.ErrorReportValve.invoke(ErrorReportValve.java:93) ~[tomcat-embed-core-9.0.75.jar:9.0.75]
	at org.apache.catalina.core.StandardEngineValve.invoke(StandardEngineValve.java:74) ~[tomcat-embed-core-9.0.75.jar:9.0.75]
	at org.apache.catalina.connector.CoyoteAdapter.service(CoyoteAdapter.java:343) ~[tomcat-embed-core-9.0.75.jar:9.0.75]
	at org.apache.coyote.http11.Http11Processor.service(Http11Processor.java:390) ~[tomcat-embed-core-9.0.75.jar:9.0.75]
	at org.apache.coyote.AbstractProcessorLight.process(AbstractProcessorLight.java:63) ~[tomcat-embed-core-9.0.75.jar:9.0.75]
	at org.apache.coyote.AbstractProtocol$ConnectionHandler.process(AbstractProtocol.java:926) ~[tomcat-embed-core-9.0.75.jar:9.0.75]
	at org.apache.tomcat.util.net.NioEndpoint$SocketProcessor.doRun(NioEndpoint.java:1791) ~[tomcat-embed-core-9.0.75.jar:9.0.75]
	at org.apache.tomcat.util.net.SocketProcessorBase.run(SocketProcessorBase.java:52) ~[tomcat-embed-core-9.0.75.jar:9.0.75]
	at org.apache.tomcat.util.threads.ThreadPoolExecutor.runWorker(ThreadPoolExecutor.java:1191) ~[tomcat-embed-core-9.0.75.jar:9.0.75]
	at org.apache.tomcat.util.threads.ThreadPoolExecutor$Worker.run(ThreadPoolExecutor.java:659) ~[tomcat-embed-core-9.0.75.jar:9.0.75]
	at org.apache.tomcat.util.threads.TaskThread$WrappingRunnable.run(TaskThread.java:61) ~[tomcat-embed-core-9.0.75.jar:9.0.75]
	at java.base/java.lang.Thread.run(Thread.java:834) ~[na:na]

18:14:30:529  INFO 34356 --- [nacos-grpc-client-executor-36] com.alibaba.nacos.common.remote.client   : [b5cd17a8-efdf-437d-a1de-56d5950a9817] Receive server push request, request = NotifySubscriberRequest, requestId = 1266
18:14:30:529  INFO 34356 --- [nacos-grpc-client-executor-36] com.alibaba.nacos.common.remote.client   : [b5cd17a8-efdf-437d-a1de-56d5950a9817] Ack server push request, request = NotifySubscriberRequest, requestId = 1266
18:20:23:506  WARN 34356 --- [Thread-5] c.a.nacos.common.notify.NotifyCenter     : [NotifyCenter] Start destroying Publisher
18:20:23:507  WARN 34356 --- [Thread-5] c.a.nacos.common.notify.NotifyCenter     : [NotifyCenter] Destruction of the end
18:20:23:507  WARN 34356 --- [Thread-1] c.a.n.common.http.HttpClientBeanHolder   : [HttpClientBeanHolder] Start destroying common HttpClient
18:20:23:507  WARN 34356 --- [Thread-1] c.a.n.common.http.HttpClientBeanHolder   : [HttpClientBeanHolder] Destruction of the end
18:20:23:787  INFO 34356 --- [SpringApplicationShutdownHook] c.a.c.n.registry.NacosServiceRegistry    : De-registering from Nacos Server now...
18:20:23:791  INFO 34356 --- [SpringApplicationShutdownHook] c.a.c.n.registry.NacosServiceRegistry    : De-registration finished.
18:20:24:123  INFO 34356 --- [SpringApplicationShutdownHook] com.alibaba.nacos.common.remote.client   : Shutdown rpc client, set status to shutdown
18:20:24:123  INFO 34356 --- [SpringApplicationShutdownHook] com.alibaba.nacos.common.remote.client   : Shutdown client event executor java.util.concurrent.ScheduledThreadPoolExecutor@105ba9f[Running, pool size = 2, active threads = 2, queued tasks = 0, completed tasks = 0]
18:20:24:124  INFO 34356 --- [SpringApplicationShutdownHook] com.alibaba.nacos.common.remote.client   : Close current connection 1723707992978_192.168.197.1_58576
18:20:24:129  INFO 34356 --- [SpringApplicationShutdownHook] c.a.n.c.remote.client.grpc.GrpcClient    : Shutdown grpc executor java.util.concurrent.ThreadPoolExecutor@64ce765f[Running, pool size = 4, active threads = 1, queued tasks = 0, completed tasks = 111]
18:20:24:132  INFO 34356 --- [nacos-grpc-client-executor-111] c.a.n.c.remote.client.grpc.GrpcClient    : [1723707992978_192.168.197.1_58576]Ignore complete event,isRunning:false,isAbandon=false
18:20:24:139  INFO 34356 --- [SpringApplicationShutdownHook] com.zaxxer.hikari.HikariDataSource       : HikariPool-1 - Shutdown initiated...
18:20:24:169  INFO 34356 --- [SpringApplicationShutdownHook] com.zaxxer.hikari.HikariDataSource       : HikariPool-1 - Shutdown completed.
18:59:36:293  INFO 28136 --- [main] com.hmall.pay.payApplication             : The following 1 profile is active: "local"
18:59:36:796  INFO 28136 --- [main] o.s.cloud.context.scope.GenericScope     : BeanFactory id=17815a63-75b9-3031-9d2f-f584e388dbaa
18:59:36:976  INFO 28136 --- [main] o.s.b.w.embedded.tomcat.TomcatWebServer  : Tomcat initialized with port(s): 8085 (http)
18:59:36:982  INFO 28136 --- [main] o.apache.catalina.core.StandardService   : Starting service [Tomcat]
18:59:36:982  INFO 28136 --- [main] org.apache.catalina.core.StandardEngine  : Starting Servlet engine: [Apache Tomcat/9.0.75]
18:59:37:073  INFO 28136 --- [main] o.a.c.c.C.[Tomcat].[localhost].[/]       : Initializing Spring embedded WebApplicationContext
18:59:37:073  INFO 28136 --- [main] w.s.c.ServletWebServerApplicationContext : Root WebApplicationContext: initialization completed in 770 ms
18:59:37:180  INFO 28136 --- [main] o.s.c.openfeign.FeignClientFactoryBean   : For 'user-service' URL not provided. Will try picking an instance via load-balancing.
18:59:38:472  INFO 28136 --- [main] pertySourcedRequestMappingHandlerMapping : Mapped URL path [/v2/api-docs] onto method [springfox.documentation.swagger2.web.Swagger2ControllerWebMvc#getDocumentation(String, HttpServletRequest)]
18:59:38:954  INFO 28136 --- [main] com.alibaba.nacos.common.remote.client   : [RpcClientFactory] create a new rpc client of 97dee30a-1c95-4bf8-9f02-619c2a88df89
18:59:38:954  INFO 28136 --- [main] com.alibaba.nacos.common.remote.client   : [97dee30a-1c95-4bf8-9f02-619c2a88df89] RpcClient init label, labels = {module=naming, source=sdk}
18:59:38:955  INFO 28136 --- [main] com.alibaba.nacos.common.remote.client   : [97dee30a-1c95-4bf8-9f02-619c2a88df89] RpcClient init, ServerListFactory = com.alibaba.nacos.client.naming.core.ServerListManager
18:59:38:955  INFO 28136 --- [main] com.alibaba.nacos.common.remote.client   : [97dee30a-1c95-4bf8-9f02-619c2a88df89] Registry connection listener to current client:com.alibaba.nacos.client.naming.remote.gprc.redo.NamingGrpcRedoService
18:59:38:955  INFO 28136 --- [main] com.alibaba.nacos.common.remote.client   : [97dee30a-1c95-4bf8-9f02-619c2a88df89] Register server push request handler:com.alibaba.nacos.client.naming.remote.gprc.NamingPushRequestHandler
18:59:38:956  INFO 28136 --- [main] com.alibaba.nacos.common.remote.client   : [97dee30a-1c95-4bf8-9f02-619c2a88df89] Try to connect to server on start up, server: {serverIp = '192.168.197.101', server main port = 8848}
18:59:39:068  INFO 28136 --- [main] com.alibaba.nacos.common.remote.client   : [97dee30a-1c95-4bf8-9f02-619c2a88df89] Success to connect to server [192.168.197.101:8848] on start up, connectionId = 1723711076527_192.168.197.1_53625
18:59:39:068  INFO 28136 --- [main] com.alibaba.nacos.common.remote.client   : [97dee30a-1c95-4bf8-9f02-619c2a88df89] Register server push request handler:com.alibaba.nacos.common.remote.client.RpcClient$ConnectResetRequestHandler
18:59:39:068  INFO 28136 --- [com.alibaba.nacos.client.remote.worker] com.alibaba.nacos.common.remote.client   : [97dee30a-1c95-4bf8-9f02-619c2a88df89] Notify connected event to listeners.
18:59:39:068  INFO 28136 --- [main] com.alibaba.nacos.common.remote.client   : [97dee30a-1c95-4bf8-9f02-619c2a88df89] Register server push request handler:com.alibaba.nacos.common.remote.client.RpcClient$$Lambda$473/0x000000080042e040
18:59:39:112  INFO 28136 --- [main] o.s.b.w.embedded.tomcat.TomcatWebServer  : Tomcat started on port(s): 8085 (http) with context path ''
18:59:39:123  INFO 28136 --- [main] c.a.c.n.registry.NacosServiceRegistry    : nacos registry, DEFAULT_GROUP pay-service 192.168.197.1:8085 register finished
18:59:39:393  INFO 28136 --- [main] d.s.w.p.DocumentationPluginsBootstrapper : Documentation plugins bootstrapped
18:59:39:396  INFO 28136 --- [main] d.s.w.p.DocumentationPluginsBootstrapper : Found 1 custom documentation plugin(s)
18:59:39:414  INFO 28136 --- [main] s.d.s.w.s.ApiListingReferenceScanner     : Scanning for api listing references
18:59:39:466  INFO 28136 --- [main] com.hmall.pay.payApplication             : Started payApplication in 5.641 seconds (JVM running for 6.311)
18:59:39:469  INFO 28136 --- [main] c.a.c.n.refresh.NacosContextRefresher    : [Nacos Config] Listening config: dataId=pay-service, group=DEFAULT_GROUP
18:59:39:469  INFO 28136 --- [main] c.a.c.n.refresh.NacosContextRefresher    : [Nacos Config] Listening config: dataId=pay-service.yaml, group=DEFAULT_GROUP
18:59:39:470  INFO 28136 --- [main] c.a.c.n.refresh.NacosContextRefresher    : [Nacos Config] Listening config: dataId=pay-service-local.yaml, group=DEFAULT_GROUP
18:59:39:609  INFO 28136 --- [nacos-grpc-client-executor-6] com.alibaba.nacos.common.remote.client   : [97dee30a-1c95-4bf8-9f02-619c2a88df89] Receive server push request, request = NotifySubscriberRequest, requestId = 1272
18:59:39:610  INFO 28136 --- [nacos-grpc-client-executor-6] com.alibaba.nacos.common.remote.client   : [97dee30a-1c95-4bf8-9f02-619c2a88df89] Ack server push request, request = NotifySubscriberRequest, requestId = 1272
