18:12:18:970  INFO 23352 --- [main] com.hmall.user.userApplication           : Starting userApplication using Java 11.0.24 on DESKTOP-SKAHDGT with PID 23352 (D:\java\hmall\user-service\target\classes started by saZki in D:\java\hmall)
18:12:18:974 DEBUG 23352 --- [main] com.hmall.user.userApplication           : Running with Spring Boot v2.7.12, Spring v5.3.27
18:12:18:974  INFO 23352 --- [main] com.hmall.user.userApplication           : The following 1 profile is active: "local"
18:12:19:597  INFO 23352 --- [main] o.s.cloud.context.scope.GenericScope     : BeanFactory id=941bb828-8b00-30e9-b1d5-249e3d2e8501
18:12:19:807  INFO 23352 --- [main] o.s.b.w.embedded.tomcat.TomcatWebServer  : Tomcat initialized with port(s): 8083 (http)
18:12:19:813  INFO 23352 --- [main] o.apache.catalina.core.StandardService   : Starting service [Tomcat]
18:12:19:813  INFO 23352 --- [main] org.apache.catalina.core.StandardEngine  : Starting Servlet engine: [Apache Tomcat/9.0.75]
18:12:19:893  INFO 23352 --- [main] o.a.c.c.C.[Tomcat].[localhost].[/]       : Initializing Spring embedded WebApplicationContext
18:12:19:893  INFO 23352 --- [main] w.s.c.ServletWebServerApplicationContext : Root WebApplicationContext: initialization completed in 887 ms
18:12:21:248  INFO 23352 --- [main] pertySourcedRequestMappingHandlerMapping : Mapped URL path [/v2/api-docs] onto method [springfox.documentation.swagger2.web.Swagger2ControllerWebMvc#getDocumentation(String, HttpServletRequest)]
18:12:21:687  INFO 23352 --- [main] com.alibaba.nacos.common.remote.client   : [RpcClientFactory] create a new rpc client of 8390007f-9a98-47b3-b949-e940cfa9a2ea
18:12:21:709  INFO 23352 --- [main] org.reflections.Reflections              : Reflections took 12 ms to scan 1 urls, producing 3 keys and 6 values 
18:12:21:724  INFO 23352 --- [main] org.reflections.Reflections              : Reflections took 6 ms to scan 1 urls, producing 4 keys and 9 values 
18:12:21:731  INFO 23352 --- [main] org.reflections.Reflections              : Reflections took 6 ms to scan 1 urls, producing 3 keys and 10 values 
18:12:21:732  WARN 23352 --- [main] org.reflections.Reflections              : given scan urls are empty. set urls in the configuration
18:12:21:737  INFO 23352 --- [main] org.reflections.Reflections              : Reflections took 5 ms to scan 1 urls, producing 1 keys and 5 values 
18:12:21:744  INFO 23352 --- [main] org.reflections.Reflections              : Reflections took 5 ms to scan 1 urls, producing 1 keys and 7 values 
18:12:21:751  INFO 23352 --- [main] org.reflections.Reflections              : Reflections took 5 ms to scan 1 urls, producing 2 keys and 8 values 
18:12:21:752  WARN 23352 --- [main] org.reflections.Reflections              : given scan urls are empty. set urls in the configuration
18:12:21:753  INFO 23352 --- [main] com.alibaba.nacos.common.remote.client   : [8390007f-9a98-47b3-b949-e940cfa9a2ea] RpcClient init label, labels = {module=naming, source=sdk}
18:12:21:754  INFO 23352 --- [main] com.alibaba.nacos.common.remote.client   : [8390007f-9a98-47b3-b949-e940cfa9a2ea] RpcClient init, ServerListFactory = com.alibaba.nacos.client.naming.core.ServerListManager
18:12:21:754  INFO 23352 --- [main] com.alibaba.nacos.common.remote.client   : [8390007f-9a98-47b3-b949-e940cfa9a2ea] Registry connection listener to current client:com.alibaba.nacos.client.naming.remote.gprc.redo.NamingGrpcRedoService
18:12:21:754  INFO 23352 --- [main] com.alibaba.nacos.common.remote.client   : [8390007f-9a98-47b3-b949-e940cfa9a2ea] Register server push request handler:com.alibaba.nacos.client.naming.remote.gprc.NamingPushRequestHandler
18:12:21:755  INFO 23352 --- [main] com.alibaba.nacos.common.remote.client   : [8390007f-9a98-47b3-b949-e940cfa9a2ea] Try to connect to server on start up, server: {serverIp = '192.168.197.101', server main port = 8848}
18:12:22:871  INFO 23352 --- [main] com.alibaba.nacos.common.remote.client   : [8390007f-9a98-47b3-b949-e940cfa9a2ea] Success to connect to server [192.168.197.101:8848] on start up, connectionId = 1723708003909_192.168.197.1_58915
18:12:22:871  INFO 23352 --- [com.alibaba.nacos.client.remote.worker] com.alibaba.nacos.common.remote.client   : [8390007f-9a98-47b3-b949-e940cfa9a2ea] Notify connected event to listeners.
18:12:22:872  INFO 23352 --- [main] com.alibaba.nacos.common.remote.client   : [8390007f-9a98-47b3-b949-e940cfa9a2ea] Register server push request handler:com.alibaba.nacos.common.remote.client.RpcClient$ConnectResetRequestHandler
18:12:22:872  INFO 23352 --- [main] com.alibaba.nacos.common.remote.client   : [8390007f-9a98-47b3-b949-e940cfa9a2ea] Register server push request handler:com.alibaba.nacos.common.remote.client.RpcClient$$Lambda$954/0x0000000800747040
18:12:22:907  INFO 23352 --- [main] o.s.b.w.embedded.tomcat.TomcatWebServer  : Tomcat started on port(s): 8083 (http) with context path ''
18:12:22:914  INFO 23352 --- [main] c.a.c.n.registry.NacosServiceRegistry    : nacos registry, DEFAULT_GROUP user-service 192.168.197.1:8083 register finished
18:12:23:211  INFO 23352 --- [main] d.s.w.p.DocumentationPluginsBootstrapper : Documentation plugins bootstrapped
18:12:23:212  INFO 23352 --- [main] d.s.w.p.DocumentationPluginsBootstrapper : Found 1 custom documentation plugin(s)
18:12:23:224  INFO 23352 --- [main] s.d.s.w.s.ApiListingReferenceScanner     : Scanning for api listing references
18:12:23:278  INFO 23352 --- [main] com.hmall.user.userApplication           : Started userApplication in 4.988 seconds (JVM running for 5.674)
18:12:23:363  INFO 23352 --- [nacos-grpc-client-executor-8] com.alibaba.nacos.common.remote.client   : [8390007f-9a98-47b3-b949-e940cfa9a2ea] Receive server push request, request = NotifySubscriberRequest, requestId = 1257
18:12:23:366  INFO 23352 --- [nacos-grpc-client-executor-8] com.alibaba.nacos.common.remote.client   : [8390007f-9a98-47b3-b949-e940cfa9a2ea] Ack server push request, request = NotifySubscriberRequest, requestId = 1257
18:13:54:824  INFO 23352 --- [http-nio-8083-exec-1] o.a.c.c.C.[Tomcat].[localhost].[/]       : Initializing Spring DispatcherServlet 'dispatcherServlet'
18:13:54:824  INFO 23352 --- [http-nio-8083-exec-1] o.s.web.servlet.DispatcherServlet        : Initializing Servlet 'dispatcherServlet'
18:13:54:825  INFO 23352 --- [http-nio-8083-exec-1] o.s.web.servlet.DispatcherServlet        : Completed initialization in 1 ms
18:13:54:911  INFO 23352 --- [http-nio-8083-exec-1] com.zaxxer.hikari.HikariDataSource       : HikariPool-1 - Starting...
18:13:55:025  INFO 23352 --- [http-nio-8083-exec-1] com.zaxxer.hikari.HikariDataSource       : HikariPool-1 - Start completed.
18:13:55:029 DEBUG 23352 --- [http-nio-8083-exec-1] c.h.user.mapper.UserMapper.selectOne     : ==>  Preparing: SELECT id,username,password,phone,create_time,update_time,status,balance FROM user WHERE (username = ?)
18:13:55:039 DEBUG 23352 --- [http-nio-8083-exec-1] c.h.user.mapper.UserMapper.selectOne     : ==> Parameters: jack(String)
18:13:55:057 DEBUG 23352 --- [http-nio-8083-exec-1] c.h.user.mapper.UserMapper.selectOne     : <==      Total: 1
18:13:59:501 DEBUG 23352 --- [http-nio-8083-exec-2] c.h.u.mapper.AddressMapper.selectList    : ==>  Preparing: SELECT id,user_id,province,city,town,mobile,street,contact,is_default,notes FROM address WHERE (user_id = ?)
18:13:59:502 DEBUG 23352 --- [http-nio-8083-exec-2] c.h.u.mapper.AddressMapper.selectList    : ==> Parameters: 1(Long)
18:13:59:508 DEBUG 23352 --- [http-nio-8083-exec-2] c.h.u.mapper.AddressMapper.selectList    : <==      Total: 4
18:14:30:049  INFO 23352 --- [http-nio-8083-exec-3] c.h.user.service.impl.UserServiceImpl    : 开始扣款
18:14:30:050 DEBUG 23352 --- [http-nio-8083-exec-3] c.h.user.mapper.UserMapper.selectById    : ==>  Preparing: SELECT id,username,password,phone,create_time,update_time,status,balance FROM user WHERE id=?
18:14:30:051 DEBUG 23352 --- [http-nio-8083-exec-3] c.h.user.mapper.UserMapper.selectById    : ==> Parameters: null
18:14:30:052 DEBUG 23352 --- [http-nio-8083-exec-3] c.h.user.mapper.UserMapper.selectById    : <==      Total: 0
18:14:30:060 ERROR 23352 --- [http-nio-8083-exec-3] o.a.c.c.C.[.[.[/].[dispatcherServlet]    : Servlet.service() for servlet [dispatcherServlet] in context with path [] threw exception [Request processing failed; nested exception is com.hmall.common.exception.BizIllegalException: 用户密码错误] with root cause

com.hmall.common.exception.BizIllegalException: 用户密码错误
	at com.hmall.user.service.impl.UserServiceImpl.deductMoney(UserServiceImpl.java:78) ~[classes/:na]
	at com.hmall.user.service.impl.UserServiceImpl$$FastClassBySpringCGLIB$$da72bc39.invoke(<generated>) ~[classes/:na]
	at org.springframework.cglib.proxy.MethodProxy.invoke(MethodProxy.java:218) ~[spring-core-5.3.27.jar:5.3.27]
	at org.springframework.aop.framework.CglibAopProxy.invokeMethod(CglibAopProxy.java:386) ~[spring-aop-5.3.27.jar:5.3.27]
	at org.springframework.aop.framework.CglibAopProxy.access$000(CglibAopProxy.java:85) ~[spring-aop-5.3.27.jar:5.3.27]
	at org.springframework.aop.framework.CglibAopProxy$DynamicAdvisedInterceptor.intercept(CglibAopProxy.java:704) ~[spring-aop-5.3.27.jar:5.3.27]
	at com.hmall.user.service.impl.UserServiceImpl$$EnhancerBySpringCGLIB$$7de10a7.deductMoney(<generated>) ~[classes/:na]
	at com.hmall.user.controller.UserController.deductMoney(UserController.java:36) ~[classes/:na]
	at java.base/jdk.internal.reflect.NativeMethodAccessorImpl.invoke0(Native Method) ~[na:na]
	at java.base/jdk.internal.reflect.NativeMethodAccessorImpl.invoke(NativeMethodAccessorImpl.java:62) ~[na:na]
	at java.base/jdk.internal.reflect.DelegatingMethodAccessorImpl.invoke(DelegatingMethodAccessorImpl.java:43) ~[na:na]
	at java.base/java.lang.reflect.Method.invoke(Method.java:566) ~[na:na]
	at org.springframework.web.method.support.InvocableHandlerMethod.doInvoke(InvocableHandlerMethod.java:205) ~[spring-web-5.3.27.jar:5.3.27]
	at org.springframework.web.method.support.InvocableHandlerMethod.invokeForRequest(InvocableHandlerMethod.java:150) ~[spring-web-5.3.27.jar:5.3.27]
	at org.springframework.web.servlet.mvc.method.annotation.ServletInvocableHandlerMethod.invokeAndHandle(ServletInvocableHandlerMethod.java:117) ~[spring-webmvc-5.3.27.jar:5.3.27]
	at org.springframework.web.servlet.mvc.method.annotation.RequestMappingHandlerAdapter.invokeHandlerMethod(RequestMappingHandlerAdapter.java:895) ~[spring-webmvc-5.3.27.jar:5.3.27]
	at org.springframework.web.servlet.mvc.method.annotation.RequestMappingHandlerAdapter.handleInternal(RequestMappingHandlerAdapter.java:808) ~[spring-webmvc-5.3.27.jar:5.3.27]
	at org.springframework.web.servlet.mvc.method.AbstractHandlerMethodAdapter.handle(AbstractHandlerMethodAdapter.java:87) ~[spring-webmvc-5.3.27.jar:5.3.27]
	at org.springframework.web.servlet.DispatcherServlet.doDispatch(DispatcherServlet.java:1072) ~[spring-webmvc-5.3.27.jar:5.3.27]
	at org.springframework.web.servlet.DispatcherServlet.doService(DispatcherServlet.java:965) ~[spring-webmvc-5.3.27.jar:5.3.27]
	at org.springframework.web.servlet.FrameworkServlet.processRequest(FrameworkServlet.java:1006) ~[spring-webmvc-5.3.27.jar:5.3.27]
	at org.springframework.web.servlet.FrameworkServlet.doPut(FrameworkServlet.java:920) ~[spring-webmvc-5.3.27.jar:5.3.27]
	at javax.servlet.http.HttpServlet.service(HttpServlet.java:558) ~[tomcat-embed-core-9.0.75.jar:4.0.FR]
	at org.springframework.web.servlet.FrameworkServlet.service(FrameworkServlet.java:883) ~[spring-webmvc-5.3.27.jar:5.3.27]
	at javax.servlet.http.HttpServlet.service(HttpServlet.java:623) ~[tomcat-embed-core-9.0.75.jar:4.0.FR]
	at org.apache.catalina.core.ApplicationFilterChain.internalDoFilter(ApplicationFilterChain.java:209) ~[tomcat-embed-core-9.0.75.jar:9.0.75]
	at org.apache.catalina.core.ApplicationFilterChain.doFilter(ApplicationFilterChain.java:153) ~[tomcat-embed-core-9.0.75.jar:9.0.75]
	at org.apache.tomcat.websocket.server.WsFilter.doFilter(WsFilter.java:51) ~[tomcat-embed-websocket-9.0.75.jar:9.0.75]
	at org.apache.catalina.core.ApplicationFilterChain.internalDoFilter(ApplicationFilterChain.java:178) ~[tomcat-embed-core-9.0.75.jar:9.0.75]
	at org.apache.catalina.core.ApplicationFilterChain.doFilter(ApplicationFilterChain.java:153) ~[tomcat-embed-core-9.0.75.jar:9.0.75]
	at org.springframework.web.filter.RequestContextFilter.doFilterInternal(RequestContextFilter.java:100) ~[spring-web-5.3.27.jar:5.3.27]
	at org.springframework.web.filter.OncePerRequestFilter.doFilter(OncePerRequestFilter.java:117) ~[spring-web-5.3.27.jar:5.3.27]
	at org.apache.catalina.core.ApplicationFilterChain.internalDoFilter(ApplicationFilterChain.java:178) ~[tomcat-embed-core-9.0.75.jar:9.0.75]
	at org.apache.catalina.core.ApplicationFilterChain.doFilter(ApplicationFilterChain.java:153) ~[tomcat-embed-core-9.0.75.jar:9.0.75]
	at org.springframework.web.filter.FormContentFilter.doFilterInternal(FormContentFilter.java:93) ~[spring-web-5.3.27.jar:5.3.27]
	at org.springframework.web.filter.OncePerRequestFilter.doFilter(OncePerRequestFilter.java:117) ~[spring-web-5.3.27.jar:5.3.27]
	at org.apache.catalina.core.ApplicationFilterChain.internalDoFilter(ApplicationFilterChain.java:178) ~[tomcat-embed-core-9.0.75.jar:9.0.75]
	at org.apache.catalina.core.ApplicationFilterChain.doFilter(ApplicationFilterChain.java:153) ~[tomcat-embed-core-9.0.75.jar:9.0.75]
	at org.springframework.web.filter.CharacterEncodingFilter.doFilterInternal(CharacterEncodingFilter.java:201) ~[spring-web-5.3.27.jar:5.3.27]
	at org.springframework.web.filter.OncePerRequestFilter.doFilter(OncePerRequestFilter.java:117) ~[spring-web-5.3.27.jar:5.3.27]
	at org.apache.catalina.core.ApplicationFilterChain.internalDoFilter(ApplicationFilterChain.java:178) ~[tomcat-embed-core-9.0.75.jar:9.0.75]
	at org.apache.catalina.core.ApplicationFilterChain.doFilter(ApplicationFilterChain.java:153) ~[tomcat-embed-core-9.0.75.jar:9.0.75]
	at org.apache.catalina.core.StandardWrapperValve.invoke(StandardWrapperValve.java:167) ~[tomcat-embed-core-9.0.75.jar:9.0.75]
	at org.apache.catalina.core.StandardContextValve.invoke(StandardContextValve.java:90) ~[tomcat-embed-core-9.0.75.jar:9.0.75]
	at org.apache.catalina.authenticator.AuthenticatorBase.invoke(AuthenticatorBase.java:481) ~[tomcat-embed-core-9.0.75.jar:9.0.75]
	at org.apache.catalina.core.StandardHostValve.invoke(StandardHostValve.java:130) ~[tomcat-embed-core-9.0.75.jar:9.0.75]
	at org.apache.catalina.valves.ErrorReportValve.invoke(ErrorReportValve.java:93) ~[tomcat-embed-core-9.0.75.jar:9.0.75]
	at org.apache.catalina.core.StandardEngineValve.invoke(StandardEngineValve.java:74) ~[tomcat-embed-core-9.0.75.jar:9.0.75]
	at org.apache.catalina.connector.CoyoteAdapter.service(CoyoteAdapter.java:343) ~[tomcat-embed-core-9.0.75.jar:9.0.75]
	at org.apache.coyote.http11.Http11Processor.service(Http11Processor.java:390) ~[tomcat-embed-core-9.0.75.jar:9.0.75]
	at org.apache.coyote.AbstractProcessorLight.process(AbstractProcessorLight.java:63) ~[tomcat-embed-core-9.0.75.jar:9.0.75]
	at org.apache.coyote.AbstractProtocol$ConnectionHandler.process(AbstractProtocol.java:926) ~[tomcat-embed-core-9.0.75.jar:9.0.75]
	at org.apache.tomcat.util.net.NioEndpoint$SocketProcessor.doRun(NioEndpoint.java:1791) ~[tomcat-embed-core-9.0.75.jar:9.0.75]
	at org.apache.tomcat.util.net.SocketProcessorBase.run(SocketProcessorBase.java:52) ~[tomcat-embed-core-9.0.75.jar:9.0.75]
	at org.apache.tomcat.util.threads.ThreadPoolExecutor.runWorker(ThreadPoolExecutor.java:1191) ~[tomcat-embed-core-9.0.75.jar:9.0.75]
	at org.apache.tomcat.util.threads.ThreadPoolExecutor$Worker.run(ThreadPoolExecutor.java:659) ~[tomcat-embed-core-9.0.75.jar:9.0.75]
	at org.apache.tomcat.util.threads.TaskThread$WrappingRunnable.run(TaskThread.java:61) ~[tomcat-embed-core-9.0.75.jar:9.0.75]
	at java.base/java.lang.Thread.run(Thread.java:834) ~[na:na]

18:20:23:499  WARN 23352 --- [Thread-4] c.a.nacos.common.notify.NotifyCenter     : [NotifyCenter] Start destroying Publisher
18:20:23:499  WARN 23352 --- [Thread-4] c.a.nacos.common.notify.NotifyCenter     : [NotifyCenter] Destruction of the end
18:20:23:499  WARN 23352 --- [Thread-7] c.a.n.common.http.HttpClientBeanHolder   : [HttpClientBeanHolder] Start destroying common HttpClient
18:20:23:500  WARN 23352 --- [Thread-7] c.a.n.common.http.HttpClientBeanHolder   : [HttpClientBeanHolder] Destruction of the end
18:20:23:790  INFO 23352 --- [SpringApplicationShutdownHook] c.a.c.n.registry.NacosServiceRegistry    : De-registering from Nacos Server now...
18:20:23:793  INFO 23352 --- [SpringApplicationShutdownHook] c.a.c.n.registry.NacosServiceRegistry    : De-registration finished.
18:20:23:999  INFO 23352 --- [SpringApplicationShutdownHook] com.alibaba.nacos.common.remote.client   : Shutdown rpc client, set status to shutdown
18:20:23:999  INFO 23352 --- [SpringApplicationShutdownHook] com.alibaba.nacos.common.remote.client   : Shutdown client event executor java.util.concurrent.ScheduledThreadPoolExecutor@45dc9015[Running, pool size = 2, active threads = 2, queued tasks = 0, completed tasks = 0]
18:20:23:999  INFO 23352 --- [SpringApplicationShutdownHook] com.alibaba.nacos.common.remote.client   : Close current connection 1723708003909_192.168.197.1_58915
18:20:24:002  INFO 23352 --- [nacos-grpc-client-executor-111] c.a.n.c.remote.client.grpc.GrpcClient    : [1723708003909_192.168.197.1_58915]Ignore complete event,isRunning:false,isAbandon=false
18:20:24:007  INFO 23352 --- [SpringApplicationShutdownHook] c.a.n.c.remote.client.grpc.GrpcClient    : Shutdown grpc executor java.util.concurrent.ThreadPoolExecutor@7f838883[Running, pool size = 5, active threads = 0, queued tasks = 0, completed tasks = 112]
18:20:24:013  INFO 23352 --- [SpringApplicationShutdownHook] com.zaxxer.hikari.HikariDataSource       : HikariPool-1 - Shutdown initiated...
18:20:24:028  INFO 23352 --- [SpringApplicationShutdownHook] com.zaxxer.hikari.HikariDataSource       : HikariPool-1 - Shutdown completed.
19:00:00:335  INFO 32020 --- [main] com.hmall.user.userApplication           : Starting userApplication using Java 11.0.24 on DESKTOP-SKAHDGT with PID 32020 (D:\java\springCloud\hmall\user-service\target\classes started by saZki in D:\java\springCloud\hmall)
19:00:00:337 DEBUG 32020 --- [main] com.hmall.user.userApplication           : Running with Spring Boot v2.7.12, Spring v5.3.27
19:00:00:337  INFO 32020 --- [main] com.hmall.user.userApplication           : The following 1 profile is active: "local"
19:00:01:057  INFO 32020 --- [main] o.s.cloud.context.scope.GenericScope     : BeanFactory id=941bb828-8b00-30e9-b1d5-249e3d2e8501
19:00:01:286  INFO 32020 --- [main] o.s.b.w.embedded.tomcat.TomcatWebServer  : Tomcat initialized with port(s): 8083 (http)
19:00:01:292  INFO 32020 --- [main] o.apache.catalina.core.StandardService   : Starting service [Tomcat]
19:00:01:292  INFO 32020 --- [main] org.apache.catalina.core.StandardEngine  : Starting Servlet engine: [Apache Tomcat/9.0.75]
19:00:01:374  INFO 32020 --- [main] o.a.c.c.C.[Tomcat].[localhost].[/]       : Initializing Spring embedded WebApplicationContext
19:00:01:375  INFO 32020 --- [main] w.s.c.ServletWebServerApplicationContext : Root WebApplicationContext: initialization completed in 1008 ms
19:00:02:825  INFO 32020 --- [main] pertySourcedRequestMappingHandlerMapping : Mapped URL path [/v2/api-docs] onto method [springfox.documentation.swagger2.web.Swagger2ControllerWebMvc#getDocumentation(String, HttpServletRequest)]
19:00:03:413  INFO 32020 --- [main] com.alibaba.nacos.common.remote.client   : [RpcClientFactory] create a new rpc client of bc461381-65e7-4735-b758-e97323a8490d
19:00:03:438  INFO 32020 --- [main] org.reflections.Reflections              : Reflections took 13 ms to scan 1 urls, producing 3 keys and 6 values 
19:00:03:454  INFO 32020 --- [main] org.reflections.Reflections              : Reflections took 7 ms to scan 1 urls, producing 4 keys and 9 values 
19:00:03:462  INFO 32020 --- [main] org.reflections.Reflections              : Reflections took 7 ms to scan 1 urls, producing 3 keys and 10 values 
19:00:03:464  WARN 32020 --- [main] org.reflections.Reflections              : given scan urls are empty. set urls in the configuration
19:00:03:471  INFO 32020 --- [main] org.reflections.Reflections              : Reflections took 6 ms to scan 1 urls, producing 1 keys and 5 values 
19:00:03:478  INFO 32020 --- [main] org.reflections.Reflections              : Reflections took 6 ms to scan 1 urls, producing 1 keys and 7 values 
19:00:03:494  INFO 32020 --- [main] org.reflections.Reflections              : Reflections took 13 ms to scan 1 urls, producing 2 keys and 8 values 
19:00:03:495  WARN 32020 --- [main] org.reflections.Reflections              : given scan urls are empty. set urls in the configuration
19:00:03:496  INFO 32020 --- [main] com.alibaba.nacos.common.remote.client   : [bc461381-65e7-4735-b758-e97323a8490d] RpcClient init label, labels = {module=naming, source=sdk}
19:00:03:497  INFO 32020 --- [main] com.alibaba.nacos.common.remote.client   : [bc461381-65e7-4735-b758-e97323a8490d] RpcClient init, ServerListFactory = com.alibaba.nacos.client.naming.core.ServerListManager
19:00:03:497  INFO 32020 --- [main] com.alibaba.nacos.common.remote.client   : [bc461381-65e7-4735-b758-e97323a8490d] Registry connection listener to current client:com.alibaba.nacos.client.naming.remote.gprc.redo.NamingGrpcRedoService
19:00:03:498  INFO 32020 --- [main] com.alibaba.nacos.common.remote.client   : [bc461381-65e7-4735-b758-e97323a8490d] Register server push request handler:com.alibaba.nacos.client.naming.remote.gprc.NamingPushRequestHandler
19:00:03:499  INFO 32020 --- [main] com.alibaba.nacos.common.remote.client   : [bc461381-65e7-4735-b758-e97323a8490d] Try to connect to server on start up, server: {serverIp = '192.168.197.101', server main port = 8848}
19:00:04:672  INFO 32020 --- [main] com.alibaba.nacos.common.remote.client   : [bc461381-65e7-4735-b758-e97323a8490d] Success to connect to server [192.168.197.101:8848] on start up, connectionId = 1723711104206_192.168.197.1_54173
19:00:04:673  INFO 32020 --- [com.alibaba.nacos.client.remote.worker] com.alibaba.nacos.common.remote.client   : [bc461381-65e7-4735-b758-e97323a8490d] Notify connected event to listeners.
19:00:04:674  INFO 32020 --- [main] com.alibaba.nacos.common.remote.client   : [bc461381-65e7-4735-b758-e97323a8490d] Register server push request handler:com.alibaba.nacos.common.remote.client.RpcClient$ConnectResetRequestHandler
19:00:04:676  INFO 32020 --- [main] com.alibaba.nacos.common.remote.client   : [bc461381-65e7-4735-b758-e97323a8490d] Register server push request handler:com.alibaba.nacos.common.remote.client.RpcClient$$Lambda$954/0x0000000800747040
19:00:04:711  INFO 32020 --- [main] o.s.b.w.embedded.tomcat.TomcatWebServer  : Tomcat started on port(s): 8083 (http) with context path ''
19:00:04:719  INFO 32020 --- [main] c.a.c.n.registry.NacosServiceRegistry    : nacos registry, DEFAULT_GROUP user-service 192.168.197.1:8083 register finished
19:00:05:026  INFO 32020 --- [main] d.s.w.p.DocumentationPluginsBootstrapper : Documentation plugins bootstrapped
19:00:05:028  INFO 32020 --- [main] d.s.w.p.DocumentationPluginsBootstrapper : Found 1 custom documentation plugin(s)
19:00:05:040  INFO 32020 --- [main] s.d.s.w.s.ApiListingReferenceScanner     : Scanning for api listing references
19:00:05:097  INFO 32020 --- [main] com.hmall.user.userApplication           : Started userApplication in 5.521 seconds (JVM running for 6.195)
19:00:05:262  INFO 32020 --- [nacos-grpc-client-executor-8] com.alibaba.nacos.common.remote.client   : [bc461381-65e7-4735-b758-e97323a8490d] Receive server push request, request = NotifySubscriberRequest, requestId = 1279
19:00:05:265  INFO 32020 --- [nacos-grpc-client-executor-8] com.alibaba.nacos.common.remote.client   : [bc461381-65e7-4735-b758-e97323a8490d] Ack server push request, request = NotifySubscriberRequest, requestId = 1279
